<?xml version="1.0" encoding="UTF-8"?>
<testsuite xmlns:xsi="http://www.w3.org/2001/XMLSchema-instance" xsi:noNamespaceSchemaLocation="https://maven.apache.org/surefire/maven-surefire-plugin/xsd/surefire-test-report.xsd" name="Scenario: Unit test" time="14.816" tests="10" errors="0" skipped="0" failures="0">
  <properties>
[...]
</properties>
  <testcase name="Given the url" classname="Scenario: enter the name, phone, number" time="0.097"/>
  <testcase name="When on page enter name Mozaik" classname="Scenario: enter the name, phone, number" time="0.001"/>
  <testcase name="And enter your email test@test.com" classname="Scenario: enter the name, phone, number" time="0.001"/>
  <testcase name="And enter your phone 123-456-7890" classname="Scenario: enter the name, phone, number" time="0"/>
  <testcase name="Then click male radio button" classname="Scenario: enter the name, phone, number" time="0"/>
  <testcase name="Scenario: enter the name, phone, number" classname="Scenario: enter the name, phone, number" time="0.806"/>
  <testcase name="Given the file in app Japan" classname="Scenario: Unit test" time="0.001"/>
  <testcase name="When i enter 5 adding 2" classname="Scenario: Unit test" time="0"/>
  <testcase name="Then i should get 7" classname="Scenario: Unit test" time="0"/>
  <testcase name="Scenario: Unit test" classname="Scenario: Unit test" time="0.763"/>
</testsuite>